2025-07-26 01:50:43 [28896:14176]: Info: c:\Users\aguir\.vscode\extensions\oracle.mysql-shell-for-vs-code-1.19.15-win32-x64\shell\bin\mysqlsh.exe   Ver 9.4.0 for Win64 on x86_64 - for MySQL 9.4.0 (MySQL Community Server (GPL)) - build 20185177 - commit_id 113801bfda387f3142a3c4c4cec11b436961f9eb - product_id windows-x86-64bit-release zip
2025-07-26 01:50:43 [28896:14176]: Info: Using credential store helper: c:\Users\aguir\.vscode\extensions\oracle.mysql-shell-for-vs-code-1.19.15-win32-x64\shell\bin\mysql-secret-store-windows-credential.exe
2025-07-26 01:50:43 [28896:14176]: Info: Setting Python home to 'c:\Users\aguir\.vscode\extensions\oracle.mysql-shell-for-vs-code-1.19.15-win32-x64\shell\lib\Python3.13'
2025-07-26 01:50:43 [28896:14176]: Info: Loading startup files...
2025-07-26 01:50:43 [28896:14176]: Info: Loading plugins...
2025-07-26 01:50:54 [28896:14176]: Info: [MSG] Token read from STDIN
2025-07-26 01:50:54 [28896:14176]: Info: [MSG] Starting MySQL Shell GUI web server...
2025-07-26 01:50:54 [28896:14176]: Info: [MSG] 	Checking web server certificate...
2025-07-26 01:50:54 [28896:14176]: Info: [MSG] 	Certificate is not installed. Use gui.core.installShellWebCertificate() to install one.
2025-07-26 01:51:13 [23612:22088]: Info: c:\Users\aguir\.vscode\extensions\oracle.mysql-shell-for-vs-code-1.19.15-win32-x64\shell\bin\mysqlsh.exe   Ver 9.4.0 for Win64 on x86_64 - for MySQL 9.4.0 (MySQL Community Server (GPL)) - build 20185177 - commit_id 113801bfda387f3142a3c4c4cec11b436961f9eb - product_id windows-x86-64bit-release zip
2025-07-26 01:51:13 [23612:22088]: Info: Using credential store helper: c:\Users\aguir\.vscode\extensions\oracle.mysql-shell-for-vs-code-1.19.15-win32-x64\shell\bin\mysql-secret-store-windows-credential.exe
2025-07-26 01:51:13 [23612:22088]: Info: Setting Python home to 'c:\Users\aguir\.vscode\extensions\oracle.mysql-shell-for-vs-code-1.19.15-win32-x64\shell\lib\Python3.13'
2025-07-26 01:51:13 [23612:22088]: Info: Loading startup files...
2025-07-26 01:51:13 [23612:22088]: Info: Loading plugins...
2025-07-26 01:51:50 [22848:20676]: Info: c:\Users\aguir\.vscode\extensions\oracle.mysql-shell-for-vs-code-1.19.15-win32-x64\shell\bin\mysqlsh.exe   Ver 9.4.0 for Win64 on x86_64 - for MySQL 9.4.0 (MySQL Community Server (GPL)) - build 20185177 - commit_id 113801bfda387f3142a3c4c4cec11b436961f9eb - product_id windows-x86-64bit-release zip
2025-07-26 01:51:50 [22848:20676]: Info: Using credential store helper: c:\Users\aguir\.vscode\extensions\oracle.mysql-shell-for-vs-code-1.19.15-win32-x64\shell\bin\mysql-secret-store-windows-credential.exe
2025-07-26 01:51:50 [22848:20676]: Info: Setting Python home to 'c:\Users\aguir\.vscode\extensions\oracle.mysql-shell-for-vs-code-1.19.15-win32-x64\shell\lib\Python3.13'
2025-07-26 01:51:50 [22848:20676]: Info: Loading startup files...
2025-07-26 01:51:50 [22848:20676]: Info: Loading plugins...
2025-07-26 01:51:51 [22848:20676]: Info: [MSG] Token read from STDIN
2025-07-26 01:51:51 [22848:20676]: Info: [MSG] Starting MySQL Shell GUI web server...
2025-07-26 01:51:51 [22848:20676]: Info: [MSG] 	Checking web server certificate...
2025-07-26 01:51:51 [22848:20676]: Info: [MSG] 	Certificate is installed.
2025-07-26 01:51:51 [22848:20676]: Info: [MSG] 	Port: 33336
2025-07-26 01:51:51 [22848:20676]: Info: [MSG] 	Secure: True
2025-07-26 01:51:51 [22848:20676]: Info: [MSG] 	Webroot: c:\Users\aguir\.vscode\extensions\oracle.mysql-shell-for-vs-code-1.19.15-win32-x64\shell\lib\mysqlsh\plugins\gui_plugin\core\webroot
2025-07-26 01:51:51 [22848:20676]: Info: [MSG] 	Accept remote connections: False
2025-07-26 01:51:51 [22848:20676]: Info: [MSG] 	Mode: Single user
2025-07-26 01:51:51 [22848:13828]: Info: [MSG] Websocket connected
2025-07-26 01:51:51 [22848:13828]: Info: [MSG] Registering session...
2025-07-26 01:51:51 [22848:13828]: Info: [MSG] Sending session response...
2025-07-26 19:11:38 [12636:19932]: Info: c:\Users\aguir\.vscode\extensions\oracle.mysql-shell-for-vs-code-1.19.15-win32-x64\shell\bin\mysqlsh.exe   Ver 9.4.0 for Win64 on x86_64 - for MySQL 9.4.0 (MySQL Community Server (GPL)) - build 20185177 - commit_id 113801bfda387f3142a3c4c4cec11b436961f9eb - product_id windows-x86-64bit-release zip
2025-07-26 19:11:38 [12636:19932]: Info: Using credential store helper: c:\Users\aguir\.vscode\extensions\oracle.mysql-shell-for-vs-code-1.19.15-win32-x64\shell\bin\mysql-secret-store-windows-credential.exe
2025-07-26 19:11:38 [12636:19932]: Info: Setting Python home to 'c:\Users\aguir\.vscode\extensions\oracle.mysql-shell-for-vs-code-1.19.15-win32-x64\shell\lib\Python3.13'
2025-07-26 19:11:38 [12636:19932]: Info: Loading startup files...
2025-07-26 19:11:38 [12636:19932]: Info: Loading plugins...
2025-07-26 19:11:44 [12636:19932]: Info: [MSG] Token read from STDIN
2025-07-26 19:11:44 [12636:19932]: Info: [MSG] Starting MySQL Shell GUI web server...
2025-07-26 19:11:44 [12636:19932]: Info: [MSG] 	Checking web server certificate...
2025-07-26 19:11:45 [12636:19932]: Info: [MSG] 	Certificate is installed.
2025-07-26 19:11:45 [12636:19932]: Info: [MSG] 	Port: 33336
2025-07-26 19:11:45 [12636:19932]: Info: [MSG] 	Secure: True
2025-07-26 19:11:45 [12636:19932]: Info: [MSG] 	Webroot: c:\Users\aguir\.vscode\extensions\oracle.mysql-shell-for-vs-code-1.19.15-win32-x64\shell\lib\mysqlsh\plugins\gui_plugin\core\webroot
2025-07-26 19:11:45 [12636:19932]: Info: [MSG] 	Accept remote connections: False
2025-07-26 19:11:45 [12636:19932]: Info: [MSG] 	Mode: Single user
2025-07-26 19:11:45 [12636:23324]: Info: [MSG] Websocket connected
2025-07-26 19:11:45 [12636:23324]: Info: [MSG] Registering session...
2025-07-26 19:11:45 [12636:23324]: Info: [MSG] Sending session response...
2025-07-26 19:18:25 [28604:24400]: Info: c:\Users\aguir\.vscode\extensions\oracle.mysql-shell-for-vs-code-1.19.15-win32-x64\shell\bin\mysqlsh.exe   Ver 9.4.0 for Win64 on x86_64 - for MySQL 9.4.0 (MySQL Community Server (GPL)) - build 20185177 - commit_id 113801bfda387f3142a3c4c4cec11b436961f9eb - product_id windows-x86-64bit-release zip
2025-07-26 19:18:25 [28604:24400]: Info: Using credential store helper: c:\Users\aguir\.vscode\extensions\oracle.mysql-shell-for-vs-code-1.19.15-win32-x64\shell\bin\mysql-secret-store-windows-credential.exe
2025-07-26 19:18:25 [28604:24400]: Info: Setting Python home to 'c:\Users\aguir\.vscode\extensions\oracle.mysql-shell-for-vs-code-1.19.15-win32-x64\shell\lib\Python3.13'
2025-07-26 19:18:25 [28604:24400]: Info: Loading startup files...
2025-07-26 19:18:25 [28604:24400]: Info: Loading plugins...
2025-07-26 19:18:26 [28604:24400]: Info: [MSG] Token read from STDIN
2025-07-26 19:18:26 [28604:24400]: Info: [MSG] Starting MySQL Shell GUI web server...
2025-07-26 19:18:26 [28604:24400]: Info: [MSG] 	Checking web server certificate...
2025-07-26 19:18:26 [28604:24400]: Info: [MSG] 	Certificate is installed.
2025-07-26 19:18:26 [28604:24400]: Info: [MSG] 	Port: 33336
2025-07-26 19:18:26 [28604:24400]: Info: [MSG] 	Secure: True
2025-07-26 19:18:26 [28604:24400]: Info: [MSG] 	Webroot: c:\Users\aguir\.vscode\extensions\oracle.mysql-shell-for-vs-code-1.19.15-win32-x64\shell\lib\mysqlsh\plugins\gui_plugin\core\webroot
2025-07-26 19:18:26 [28604:24400]: Info: [MSG] 	Accept remote connections: False
2025-07-26 19:18:26 [28604:24400]: Info: [MSG] 	Mode: Single user
2025-07-26 19:18:27 [28604:24652]: Info: [MSG] Websocket connected
2025-07-26 19:18:27 [28604:24652]: Info: [MSG] Registering session...
2025-07-26 19:18:27 [28604:24652]: Info: [MSG] Sending session response...
2025-07-26 19:49:33 [28604:24236]: Info: [MSG] Websocket connected
2025-07-26 19:49:33 [28604:24236]: Info: [MSG] Registering session...
2025-07-26 19:49:33 [28604:24236]: Info: [MSG] Sending session response...
2025-07-26 19:54:49 [25080:10796]: Info: c:\Users\aguir\.vscode\extensions\oracle.mysql-shell-for-vs-code-1.19.15-win32-x64\shell\bin\mysqlsh.exe   Ver 9.4.0 for Win64 on x86_64 - for MySQL 9.4.0 (MySQL Community Server (GPL)) - build 20185177 - commit_id 113801bfda387f3142a3c4c4cec11b436961f9eb - product_id windows-x86-64bit-release zip
2025-07-26 19:54:49 [25080:10796]: Info: Using credential store helper: c:\Users\aguir\.vscode\extensions\oracle.mysql-shell-for-vs-code-1.19.15-win32-x64\shell\bin\mysql-secret-store-windows-credential.exe
2025-07-26 19:54:49 [25080:10796]: Info: Setting Python home to 'c:\Users\aguir\.vscode\extensions\oracle.mysql-shell-for-vs-code-1.19.15-win32-x64\shell\lib\Python3.13'
2025-07-26 19:54:49 [25080:10796]: Info: Loading startup files...
2025-07-26 19:54:49 [25080:10796]: Info: Loading plugins...
2025-07-26 19:54:49 [25080:10796]: Info: [MSG] Token read from STDIN
2025-07-26 19:54:50 [25080:10796]: Info: [MSG] Starting MySQL Shell GUI web server...
2025-07-26 19:54:50 [25080:10796]: Info: [MSG] 	Checking web server certificate...
2025-07-26 19:54:50 [25080:10796]: Info: [MSG] 	Certificate is installed.
2025-07-26 19:54:50 [25080:10796]: Info: [MSG] 	Port: 33336
2025-07-26 19:54:50 [25080:10796]: Info: [MSG] 	Secure: True
2025-07-26 19:54:50 [25080:10796]: Info: [MSG] 	Webroot: c:\Users\aguir\.vscode\extensions\oracle.mysql-shell-for-vs-code-1.19.15-win32-x64\shell\lib\mysqlsh\plugins\gui_plugin\core\webroot
2025-07-26 19:54:50 [25080:10796]: Info: [MSG] 	Accept remote connections: False
2025-07-26 19:54:50 [25080:10796]: Info: [MSG] 	Mode: Single user
2025-07-26 19:54:50 [25080:30508]: Info: [MSG] Websocket connected
2025-07-26 19:54:50 [25080:30508]: Info: [MSG] Registering session...
2025-07-26 19:54:50 [25080:30508]: Info: [MSG] Sending session response...
2025-07-26 20:10:44 [15184:8272]: Info: c:\Users\aguir\.vscode\extensions\oracle.mysql-shell-for-vs-code-1.19.15-win32-x64\shell\bin\mysqlsh.exe   Ver 9.4.0 for Win64 on x86_64 - for MySQL 9.4.0 (MySQL Community Server (GPL)) - build 20185177 - commit_id 113801bfda387f3142a3c4c4cec11b436961f9eb - product_id windows-x86-64bit-release zip
2025-07-26 20:10:44 [15184:8272]: Info: Using credential store helper: c:\Users\aguir\.vscode\extensions\oracle.mysql-shell-for-vs-code-1.19.15-win32-x64\shell\bin\mysql-secret-store-windows-credential.exe
2025-07-26 20:10:44 [15184:8272]: Info: Setting Python home to 'c:\Users\aguir\.vscode\extensions\oracle.mysql-shell-for-vs-code-1.19.15-win32-x64\shell\lib\Python3.13'
2025-07-26 20:10:44 [15184:8272]: Info: Loading startup files...
2025-07-26 20:10:44 [15184:8272]: Info: Loading plugins...
2025-07-26 20:10:45 [15184:8272]: Info: [MSG] Token read from STDIN
2025-07-26 20:10:45 [15184:8272]: Info: [MSG] Starting MySQL Shell GUI web server...
2025-07-26 20:10:45 [15184:8272]: Info: [MSG] 	Checking web server certificate...
2025-07-26 20:10:45 [15184:8272]: Info: [MSG] 	Certificate is installed.
2025-07-26 20:10:45 [15184:8272]: Info: [MSG] 	Port: 33336
2025-07-26 20:10:45 [15184:8272]: Info: [MSG] 	Secure: True
2025-07-26 20:10:45 [15184:8272]: Info: [MSG] 	Webroot: c:\Users\aguir\.vscode\extensions\oracle.mysql-shell-for-vs-code-1.19.15-win32-x64\shell\lib\mysqlsh\plugins\gui_plugin\core\webroot
2025-07-26 20:10:45 [15184:8272]: Info: [MSG] 	Accept remote connections: False
2025-07-26 20:10:45 [15184:8272]: Info: [MSG] 	Mode: Single user
2025-07-26 20:10:45 [15184:8588]: Info: [MSG] Websocket connected
2025-07-26 20:10:45 [15184:8588]: Info: [MSG] Registering session...
2025-07-26 20:10:45 [15184:8588]: Info: [MSG] Sending session response...
2025-07-26 20:13:17 [17360:27888]: Info: c:\Users\aguir\.vscode\extensions\oracle.mysql-shell-for-vs-code-1.19.15-win32-x64\shell\bin\mysqlsh.exe   Ver 9.4.0 for Win64 on x86_64 - for MySQL 9.4.0 (MySQL Community Server (GPL)) - build 20185177 - commit_id 113801bfda387f3142a3c4c4cec11b436961f9eb - product_id windows-x86-64bit-release zip
2025-07-26 20:13:17 [17360:27888]: Info: Using credential store helper: c:\Users\aguir\.vscode\extensions\oracle.mysql-shell-for-vs-code-1.19.15-win32-x64\shell\bin\mysql-secret-store-windows-credential.exe
2025-07-26 20:13:17 [17360:27888]: Info: Setting Python home to 'c:\Users\aguir\.vscode\extensions\oracle.mysql-shell-for-vs-code-1.19.15-win32-x64\shell\lib\Python3.13'
2025-07-26 20:13:17 [17360:27888]: Info: Loading startup files...
2025-07-26 20:13:17 [17360:27888]: Info: Loading plugins...
2025-07-26 20:13:18 [17360:27888]: Info: [MSG] Token read from STDIN
2025-07-26 20:13:18 [17360:27888]: Info: [MSG] Starting MySQL Shell GUI web server...
2025-07-26 20:13:18 [17360:27888]: Info: [MSG] 	Checking web server certificate...
2025-07-26 20:13:18 [17360:27888]: Info: [MSG] 	Certificate is installed.
2025-07-26 20:13:18 [17360:27888]: Info: [MSG] 	Port: 33336
2025-07-26 20:13:18 [17360:27888]: Info: [MSG] 	Secure: True
2025-07-26 20:13:18 [17360:27888]: Info: [MSG] 	Webroot: c:\Users\aguir\.vscode\extensions\oracle.mysql-shell-for-vs-code-1.19.15-win32-x64\shell\lib\mysqlsh\plugins\gui_plugin\core\webroot
2025-07-26 20:13:18 [17360:27888]: Info: [MSG] 	Accept remote connections: False
2025-07-26 20:13:18 [17360:27888]: Info: [MSG] 	Mode: Single user
2025-07-26 20:14:55 [28252:25668]: Info: c:\Users\aguir\.vscode\extensions\oracle.mysql-shell-for-vs-code-1.19.15-win32-x64\shell\bin\mysqlsh.exe   Ver 9.4.0 for Win64 on x86_64 - for MySQL 9.4.0 (MySQL Community Server (GPL)) - build 20185177 - commit_id 113801bfda387f3142a3c4c4cec11b436961f9eb - product_id windows-x86-64bit-release zip
2025-07-26 20:14:55 [28252:25668]: Info: Using credential store helper: c:\Users\aguir\.vscode\extensions\oracle.mysql-shell-for-vs-code-1.19.15-win32-x64\shell\bin\mysql-secret-store-windows-credential.exe
2025-07-26 20:14:55 [28252:25668]: Info: Setting Python home to 'c:\Users\aguir\.vscode\extensions\oracle.mysql-shell-for-vs-code-1.19.15-win32-x64\shell\lib\Python3.13'
2025-07-26 20:14:55 [28252:25668]: Info: Loading startup files...
2025-07-26 20:14:55 [28252:25668]: Info: Loading plugins...
2025-07-26 20:14:56 [28252:25668]: Info: [MSG] Token read from STDIN
2025-07-26 20:14:56 [28252:25668]: Info: [MSG] Starting MySQL Shell GUI web server...
2025-07-26 20:14:56 [28252:25668]: Info: [MSG] 	Checking web server certificate...
2025-07-26 20:14:56 [28252:25668]: Info: [MSG] 	Certificate is installed.
2025-07-26 20:14:56 [28252:25668]: Info: [MSG] 	Port: 33336
2025-07-26 20:14:56 [28252:25668]: Info: [MSG] 	Secure: True
2025-07-26 20:14:56 [28252:25668]: Info: [MSG] 	Webroot: c:\Users\aguir\.vscode\extensions\oracle.mysql-shell-for-vs-code-1.19.15-win32-x64\shell\lib\mysqlsh\plugins\gui_plugin\core\webroot
2025-07-26 20:14:56 [28252:25668]: Info: [MSG] 	Accept remote connections: False
2025-07-26 20:14:56 [28252:25668]: Info: [MSG] 	Mode: Single user
2025-07-26 20:14:57 [28252:28688]: Info: [MSG] Websocket connected
2025-07-26 20:14:57 [28252:28688]: Info: [MSG] Registering session...
2025-07-26 20:14:57 [28252:28688]: Info: [MSG] Sending session response...
2025-07-26 21:40:32 [20400:3188]: Info: c:\Users\aguir\.vscode\extensions\oracle.mysql-shell-for-vs-code-1.19.15-win32-x64\shell\bin\mysqlsh.exe   Ver 9.4.0 for Win64 on x86_64 - for MySQL 9.4.0 (MySQL Community Server (GPL)) - build 20185177 - commit_id 113801bfda387f3142a3c4c4cec11b436961f9eb - product_id windows-x86-64bit-release zip
2025-07-26 21:40:32 [20400:3188]: Info: Using credential store helper: c:\Users\aguir\.vscode\extensions\oracle.mysql-shell-for-vs-code-1.19.15-win32-x64\shell\bin\mysql-secret-store-windows-credential.exe
2025-07-26 21:40:32 [20400:3188]: Info: Setting Python home to 'c:\Users\aguir\.vscode\extensions\oracle.mysql-shell-for-vs-code-1.19.15-win32-x64\shell\lib\Python3.13'
2025-07-26 21:40:32 [20400:3188]: Info: Loading startup files...
2025-07-26 21:40:32 [20400:3188]: Info: Loading plugins...
2025-07-26 21:40:33 [20400:3188]: Info: [MSG] Token read from STDIN
2025-07-26 21:40:33 [20400:3188]: Info: [MSG] Starting MySQL Shell GUI web server...
2025-07-26 21:40:33 [20400:3188]: Info: [MSG] 	Checking web server certificate...
2025-07-26 21:40:33 [20400:3188]: Info: [MSG] 	Certificate is installed.
2025-07-26 21:40:33 [20400:3188]: Info: [MSG] 	Port: 33336
2025-07-26 21:40:33 [20400:3188]: Info: [MSG] 	Secure: True
2025-07-26 21:40:33 [20400:3188]: Info: [MSG] 	Webroot: c:\Users\aguir\.vscode\extensions\oracle.mysql-shell-for-vs-code-1.19.15-win32-x64\shell\lib\mysqlsh\plugins\gui_plugin\core\webroot
2025-07-26 21:40:33 [20400:3188]: Info: [MSG] 	Accept remote connections: False
2025-07-26 21:40:33 [20400:3188]: Info: [MSG] 	Mode: Single user
2025-07-26 21:40:34 [20400:21148]: Info: [MSG] Websocket connected
2025-07-26 21:40:34 [20400:21148]: Info: [MSG] Registering session...
2025-07-26 21:40:34 [20400:21148]: Info: [MSG] Sending session response...
2025-07-26 21:40:46 [15900:19440]: Info: c:\Users\aguir\.vscode\extensions\oracle.mysql-shell-for-vs-code-1.19.15-win32-x64\shell\bin\mysqlsh.exe   Ver 9.4.0 for Win64 on x86_64 - for MySQL 9.4.0 (MySQL Community Server (GPL)) - build 20185177 - commit_id 113801bfda387f3142a3c4c4cec11b436961f9eb - product_id windows-x86-64bit-release zip
2025-07-26 21:40:46 [15900:19440]: Info: Using credential store helper: c:\Users\aguir\.vscode\extensions\oracle.mysql-shell-for-vs-code-1.19.15-win32-x64\shell\bin\mysql-secret-store-windows-credential.exe
2025-07-26 21:40:46 [15900:19440]: Info: Setting Python home to 'c:\Users\aguir\.vscode\extensions\oracle.mysql-shell-for-vs-code-1.19.15-win32-x64\shell\lib\Python3.13'
2025-07-26 21:40:46 [15900:19440]: Info: Loading startup files...
2025-07-26 21:40:46 [15900:19440]: Info: Loading plugins...
2025-07-26 21:40:47 [15900:19440]: Info: [MSG] Token read from STDIN
2025-07-26 21:40:47 [15900:19440]: Info: [MSG] Starting MySQL Shell GUI web server...
2025-07-26 21:40:47 [15900:19440]: Info: [MSG] 	Checking web server certificate...
2025-07-26 21:40:47 [15900:19440]: Info: [MSG] 	Certificate is installed.
2025-07-26 21:40:47 [15900:19440]: Info: [MSG] 	Port: 33336
2025-07-26 21:40:47 [15900:19440]: Info: [MSG] 	Secure: True
2025-07-26 21:40:47 [15900:19440]: Info: [MSG] 	Webroot: c:\Users\aguir\.vscode\extensions\oracle.mysql-shell-for-vs-code-1.19.15-win32-x64\shell\lib\mysqlsh\plugins\gui_plugin\core\webroot
2025-07-26 21:40:47 [15900:19440]: Info: [MSG] 	Accept remote connections: False
2025-07-26 21:40:47 [15900:19440]: Info: [MSG] 	Mode: Single user
2025-07-26 21:40:47 [15900:16920]: Info: [MSG] Websocket connected
2025-07-26 21:40:47 [15900:16920]: Info: [MSG] Registering session...
2025-07-26 21:40:47 [15900:16920]: Info: [MSG] Sending session response...
2025-07-26 22:11:40 [22124:25684]: Info: c:\Users\aguir\.vscode\extensions\oracle.mysql-shell-for-vs-code-1.19.15-win32-x64\shell\bin\mysqlsh.exe   Ver 9.4.0 for Win64 on x86_64 - for MySQL 9.4.0 (MySQL Community Server (GPL)) - build 20185177 - commit_id 113801bfda387f3142a3c4c4cec11b436961f9eb - product_id windows-x86-64bit-release zip
2025-07-26 22:11:40 [22124:25684]: Info: Using credential store helper: c:\Users\aguir\.vscode\extensions\oracle.mysql-shell-for-vs-code-1.19.15-win32-x64\shell\bin\mysql-secret-store-windows-credential.exe
2025-07-26 22:11:40 [22124:25684]: Info: Setting Python home to 'c:\Users\aguir\.vscode\extensions\oracle.mysql-shell-for-vs-code-1.19.15-win32-x64\shell\lib\Python3.13'
2025-07-26 22:11:40 [22124:25684]: Info: Loading startup files...
2025-07-26 22:11:40 [22124:25684]: Info: Loading plugins...
2025-07-26 22:11:41 [22124:25684]: Info: [MSG] Token read from STDIN
2025-07-26 22:11:41 [22124:25684]: Info: [MSG] Starting MySQL Shell GUI web server...
2025-07-26 22:11:41 [22124:25684]: Info: [MSG] 	Checking web server certificate...
2025-07-26 22:11:42 [22124:25684]: Info: [MSG] 	Certificate is installed.
2025-07-26 22:11:42 [22124:25684]: Info: [MSG] 	Port: 33336
2025-07-26 22:11:42 [22124:25684]: Info: [MSG] 	Secure: True
2025-07-26 22:11:42 [22124:25684]: Info: [MSG] 	Webroot: c:\Users\aguir\.vscode\extensions\oracle.mysql-shell-for-vs-code-1.19.15-win32-x64\shell\lib\mysqlsh\plugins\gui_plugin\core\webroot
2025-07-26 22:11:42 [22124:25684]: Info: [MSG] 	Accept remote connections: False
2025-07-26 22:11:42 [22124:25684]: Info: [MSG] 	Mode: Single user
2025-07-26 22:11:42 [22124:4236]: Info: [MSG] Websocket connected
2025-07-26 22:11:42 [22124:4236]: Info: [MSG] Registering session...
2025-07-26 22:11:42 [22124:4236]: Info: [MSG] Sending session response...
